==1130075== Memcheck, a memory error detector
==1130075== Copyright (C) 2002-2017, and GNU GPL'd, by Julian Seward et al.
==1130075== Using Valgrind-3.15.0 and LibVEX; rerun with -h for copyright info
==1130075== Command: ../DTS -in input.dts -top topology.top
==1130075== Parent PID: 1130074
==1130075== 
==1130075== Conditional jump or move depends on uninitialised value(s)
==1130075==    at 0x125C47: Voxelization<vertex>::Voxelize(std::vector<vertex*, std::allocator<vertex*> >) (in /home/andrew/Desktop/Projects/FreeDTSBD/DTS)
==1130075==    by 0x160ABA: MC_Simulation::do_Simulation() (in /home/andrew/Desktop/Projects/FreeDTSBD/DTS)
==1130075==    by 0x15C47A: Job::Job(std::vector<std::__cxx11::basic_string<char, std::char_traits<char>, std::allocator<char> >, std::allocator<std::__cxx11::basic_string<char, std::char_traits<char>, std::allocator<char> > > > const&) (in /home/andrew/Desktop/Projects/FreeDTSBD/DTS)
==1130075==    by 0x119C19: main (in /home/andrew/Desktop/Projects/FreeDTSBD/DTS)
==1130075==  Uninitialised value was created by a heap allocation
==1130075==    at 0x483BE63: operator new(unsigned long) (in /usr/lib/x86_64-linux-gnu/valgrind/vgpreload_memcheck-amd64-linux.so)
==1130075==    by 0x1960ED: State::State(std::vector<std::__cxx11::basic_string<char, std::char_traits<char>, std::allocator<char> >, std::allocator<std::__cxx11::basic_string<char, std::char_traits<char>, std::allocator<char> > > >) (in /home/andrew/Desktop/Projects/FreeDTSBD/DTS)
==1130075==    by 0x15C424: Job::Job(std::vector<std::__cxx11::basic_string<char, std::char_traits<char>, std::allocator<char> >, std::allocator<std::__cxx11::basic_string<char, std::char_traits<char>, std::allocator<char> > > > const&) (in /home/andrew/Desktop/Projects/FreeDTSBD/DTS)
==1130075==    by 0x119C19: main (in /home/andrew/Desktop/Projects/FreeDTSBD/DTS)
==1130075== 
==1130075== Conditional jump or move depends on uninitialised value(s)
==1130075==    at 0x1AED9A: VolumeCouplingSecondOrder::GetEnergyChange(double, double, double, double) (in /home/andrew/Desktop/Projects/FreeDTSBD/DTS)
==1130075==    by 0x148355: EvolveVerticesByMetropolisAlgorithm::EvolveOneVertex(int, vertex*, double, double, double, double) (in /home/andrew/Desktop/Projects/FreeDTSBD/DTS)
==1130075==    by 0x148663: EvolveVerticesByMetropolisAlgorithm::EvolveOneStep(int) (in /home/andrew/Desktop/Projects/FreeDTSBD/DTS)
==1130075==    by 0x160D09: MC_Simulation::do_Simulation() (in /home/andrew/Desktop/Projects/FreeDTSBD/DTS)
==1130075==    by 0x15C47A: Job::Job(std::vector<std::__cxx11::basic_string<char, std::char_traits<char>, std::allocator<char> >, std::allocator<std::__cxx11::basic_string<char, std::char_traits<char>, std::allocator<char> > > > const&) (in /home/andrew/Desktop/Projects/FreeDTSBD/DTS)
==1130075==    by 0x119C19: main (in /home/andrew/Desktop/Projects/FreeDTSBD/DTS)
==1130075==  Uninitialised value was created by a stack allocation
==1130075==    at 0x1634A2: MESH::GenerateMesh(MeshBluePrint) (in /home/andrew/Desktop/Projects/FreeDTSBD/DTS)
==1130075== 
==1130075== Conditional jump or move depends on uninitialised value(s)
==1130075==    at 0x1AEE08: VolumeCouplingSecondOrder::GetEnergyChange(double, double, double, double) (in /home/andrew/Desktop/Projects/FreeDTSBD/DTS)
==1130075==    by 0x148355: EvolveVerticesByMetropolisAlgorithm::EvolveOneVertex(int, vertex*, double, double, double, double) (in /home/andrew/Desktop/Projects/FreeDTSBD/DTS)
==1130075==    by 0x148663: EvolveVerticesByMetropolisAlgorithm::EvolveOneStep(int) (in /home/andrew/Desktop/Projects/FreeDTSBD/DTS)
==1130075==    by 0x160D09: MC_Simulation::do_Simulation() (in /home/andrew/Desktop/Projects/FreeDTSBD/DTS)
==1130075==    by 0x15C47A: Job::Job(std::vector<std::__cxx11::basic_string<char, std::char_traits<char>, std::allocator<char> >, std::allocator<std::__cxx11::basic_string<char, std::char_traits<char>, std::allocator<char> > > > const&) (in /home/andrew/Desktop/Projects/FreeDTSBD/DTS)
==1130075==    by 0x119C19: main (in /home/andrew/Desktop/Projects/FreeDTSBD/DTS)
==1130075==  Uninitialised value was created by a stack allocation
==1130075==    at 0x1634A2: MESH::GenerateMesh(MeshBluePrint) (in /home/andrew/Desktop/Projects/FreeDTSBD/DTS)
==1130075== 
==1130075== Conditional jump or move depends on uninitialised value(s)
==1130075==    at 0x1316F5: CouplingGlobalCurvatureToHarmonicPotential::CalculateEnergyChange(double, double) (in /home/andrew/Desktop/Projects/FreeDTSBD/DTS)
==1130075==    by 0x1482DE: EvolveVerticesByMetropolisAlgorithm::EvolveOneVertex(int, vertex*, double, double, double, double) (in /home/andrew/Desktop/Projects/FreeDTSBD/DTS)
==1130075==    by 0x148663: EvolveVerticesByMetropolisAlgorithm::EvolveOneStep(int) (in /home/andrew/Desktop/Projects/FreeDTSBD/DTS)
==1130075==    by 0x160D09: MC_Simulation::do_Simulation() (in /home/andrew/Desktop/Projects/FreeDTSBD/DTS)
==1130075==    by 0x15C47A: Job::Job(std::vector<std::__cxx11::basic_string<char, std::char_traits<char>, std::allocator<char> >, std::allocator<std::__cxx11::basic_string<char, std::char_traits<char>, std::allocator<char> > > > const&) (in /home/andrew/Desktop/Projects/FreeDTSBD/DTS)
==1130075==    by 0x119C19: main (in /home/andrew/Desktop/Projects/FreeDTSBD/DTS)
==1130075==  Uninitialised value was created by a stack allocation
==1130075==    at 0x1634A2: MESH::GenerateMesh(MeshBluePrint) (in /home/andrew/Desktop/Projects/FreeDTSBD/DTS)
==1130075== 
==1130075== Conditional jump or move depends on uninitialised value(s)
==1130075==    at 0x131738: CouplingGlobalCurvatureToHarmonicPotential::CalculateEnergyChange(double, double) (in /home/andrew/Desktop/Projects/FreeDTSBD/DTS)
==1130075==    by 0x1482DE: EvolveVerticesByMetropolisAlgorithm::EvolveOneVertex(int, vertex*, double, double, double, double) (in /home/andrew/Desktop/Projects/FreeDTSBD/DTS)
==1130075==    by 0x148663: EvolveVerticesByMetropolisAlgorithm::EvolveOneStep(int) (in /home/andrew/Desktop/Projects/FreeDTSBD/DTS)
==1130075==    by 0x160D09: MC_Simulation::do_Simulation() (in /home/andrew/Desktop/Projects/FreeDTSBD/DTS)
==1130075==    by 0x15C47A: Job::Job(std::vector<std::__cxx11::basic_string<char, std::char_traits<char>, std::allocator<char> >, std::allocator<std::__cxx11::basic_string<char, std::char_traits<char>, std::allocator<char> > > > const&) (in /home/andrew/Desktop/Projects/FreeDTSBD/DTS)
==1130075==    by 0x119C19: main (in /home/andrew/Desktop/Projects/FreeDTSBD/DTS)
==1130075==  Uninitialised value was created by a stack allocation
==1130075==    at 0x1634A2: MESH::GenerateMesh(MeshBluePrint) (in /home/andrew/Desktop/Projects/FreeDTSBD/DTS)
==1130075== 
==1130075== Conditional jump or move depends on uninitialised value(s)
==1130075==    at 0x13174E: CouplingGlobalCurvatureToHarmonicPotential::CalculateEnergyChange(double, double) (in /home/andrew/Desktop/Projects/FreeDTSBD/DTS)
==1130075==    by 0x1482DE: EvolveVerticesByMetropolisAlgorithm::EvolveOneVertex(int, vertex*, double, double, double, double) (in /home/andrew/Desktop/Projects/FreeDTSBD/DTS)
==1130075==    by 0x148663: EvolveVerticesByMetropolisAlgorithm::EvolveOneStep(int) (in /home/andrew/Desktop/Projects/FreeDTSBD/DTS)
==1130075==    by 0x160D09: MC_Simulation::do_Simulation() (in /home/andrew/Desktop/Projects/FreeDTSBD/DTS)
==1130075==    by 0x15C47A: Job::Job(std::vector<std::__cxx11::basic_string<char, std::char_traits<char>, std::allocator<char> >, std::allocator<std::__cxx11::basic_string<char, std::char_traits<char>, std::allocator<char> > > > const&) (in /home/andrew/Desktop/Projects/FreeDTSBD/DTS)
==1130075==    by 0x119C19: main (in /home/andrew/Desktop/Projects/FreeDTSBD/DTS)
==1130075==  Uninitialised value was created by a stack allocation
==1130075==    at 0x1634A2: MESH::GenerateMesh(MeshBluePrint) (in /home/andrew/Desktop/Projects/FreeDTSBD/DTS)
==1130075== 
==1130075== Conditional jump or move depends on uninitialised value(s)
==1130075==    at 0x147E6A: EvolveVerticesByMetropolisAlgorithm::EvolveOneVertex(int, vertex*, double, double, double, double) (in /home/andrew/Desktop/Projects/FreeDTSBD/DTS)
==1130075==    by 0x148663: EvolveVerticesByMetropolisAlgorithm::EvolveOneStep(int) (in /home/andrew/Desktop/Projects/FreeDTSBD/DTS)
==1130075==    by 0x160D09: MC_Simulation::do_Simulation() (in /home/andrew/Desktop/Projects/FreeDTSBD/DTS)
==1130075==    by 0x15C47A: Job::Job(std::vector<std::__cxx11::basic_string<char, std::char_traits<char>, std::allocator<char> >, std::allocator<std::__cxx11::basic_string<char, std::char_traits<char>, std::allocator<char> > > > const&) (in /home/andrew/Desktop/Projects/FreeDTSBD/DTS)
==1130075==    by 0x119C19: main (in /home/andrew/Desktop/Projects/FreeDTSBD/DTS)
==1130075==  Uninitialised value was created by a stack allocation
==1130075==    at 0x1634A2: MESH::GenerateMesh(MeshBluePrint) (in /home/andrew/Desktop/Projects/FreeDTSBD/DTS)
==1130075== 
==1130075== Conditional jump or move depends on uninitialised value(s)
==1130075==    at 0x4B5CDD1: __ieee754_exp_fma (e_exp.c:105)
==1130075==    by 0x4B1D332: exp@@GLIBC_2.29 (w_exp_template.c:32)
==1130075==    by 0x148034: EvolveVerticesByMetropolisAlgorithm::EvolveOneVertex(int, vertex*, double, double, double, double) (in /home/andrew/Desktop/Projects/FreeDTSBD/DTS)
==1130075==    by 0x148663: EvolveVerticesByMetropolisAlgorithm::EvolveOneStep(int) (in /home/andrew/Desktop/Projects/FreeDTSBD/DTS)
==1130075==    by 0x160D09: MC_Simulation::do_Simulation() (in /home/andrew/Desktop/Projects/FreeDTSBD/DTS)
==1130075==    by 0x15C47A: Job::Job(std::vector<std::__cxx11::basic_string<char, std::char_traits<char>, std::allocator<char> >, std::allocator<std::__cxx11::basic_string<char, std::char_traits<char>, std::allocator<char> > > > const&) (in /home/andrew/Desktop/Projects/FreeDTSBD/DTS)
==1130075==    by 0x119C19: main (in /home/andrew/Desktop/Projects/FreeDTSBD/DTS)
==1130075==  Uninitialised value was created by a stack allocation
==1130075==    at 0x1634A2: MESH::GenerateMesh(MeshBluePrint) (in /home/andrew/Desktop/Projects/FreeDTSBD/DTS)
==1130075== 
==1130075== Use of uninitialised value of size 8
==1130075==    at 0x4B5CE37: __ieee754_exp_fma (e_exp.c:151)
==1130075==    by 0x4B1D332: exp@@GLIBC_2.29 (w_exp_template.c:32)
==1130075==    by 0x148034: EvolveVerticesByMetropolisAlgorithm::EvolveOneVertex(int, vertex*, double, double, double, double) (in /home/andrew/Desktop/Projects/FreeDTSBD/DTS)
==1130075==    by 0x148663: EvolveVerticesByMetropolisAlgorithm::EvolveOneStep(int) (in /home/andrew/Desktop/Projects/FreeDTSBD/DTS)
==1130075==    by 0x160D09: MC_Simulation::do_Simulation() (in /home/andrew/Desktop/Projects/FreeDTSBD/DTS)
==1130075==    by 0x15C47A: Job::Job(std::vector<std::__cxx11::basic_string<char, std::char_traits<char>, std::allocator<char> >, std::allocator<std::__cxx11::basic_string<char, std::char_traits<char>, std::allocator<char> > > > const&) (in /home/andrew/Desktop/Projects/FreeDTSBD/DTS)
==1130075==    by 0x119C19: main (in /home/andrew/Desktop/Projects/FreeDTSBD/DTS)
==1130075== 
==1130075== Conditional jump or move depends on uninitialised value(s)
==1130075==    at 0x4B5CE5F: __ieee754_exp_fma (e_exp.c:152)
==1130075==    by 0x4B1D332: exp@@GLIBC_2.29 (w_exp_template.c:32)
==1130075==    by 0x148034: EvolveVerticesByMetropolisAlgorithm::EvolveOneVertex(int, vertex*, double, double, double, double) (in /home/andrew/Desktop/Projects/FreeDTSBD/DTS)
==1130075==    by 0x148663: EvolveVerticesByMetropolisAlgorithm::EvolveOneStep(int) (in /home/andrew/Desktop/Projects/FreeDTSBD/DTS)
==1130075==    by 0x160D09: MC_Simulation::do_Simulation() (in /home/andrew/Desktop/Projects/FreeDTSBD/DTS)
==1130075==    by 0x15C47A: Job::Job(std::vector<std::__cxx11::basic_string<char, std::char_traits<char>, std::allocator<char> >, std::allocator<std::__cxx11::basic_string<char, std::char_traits<char>, std::allocator<char> > > > const&) (in /home/andrew/Desktop/Projects/FreeDTSBD/DTS)
==1130075==    by 0x119C19: main (in /home/andrew/Desktop/Projects/FreeDTSBD/DTS)
==1130075==  Uninitialised value was created by a stack allocation
==1130075==    at 0x1634A2: MESH::GenerateMesh(MeshBluePrint) (in /home/andrew/Desktop/Projects/FreeDTSBD/DTS)
==1130075== 
==1130075== Conditional jump or move depends on uninitialised value(s)
==1130075==    at 0x4B1D355: exp@@GLIBC_2.29 (w_exp_template.c:33)
==1130075==    by 0x148034: EvolveVerticesByMetropolisAlgorithm::EvolveOneVertex(int, vertex*, double, double, double, double) (in /home/andrew/Desktop/Projects/FreeDTSBD/DTS)
==1130075==    by 0x148663: EvolveVerticesByMetropolisAlgorithm::EvolveOneStep(int) (in /home/andrew/Desktop/Projects/FreeDTSBD/DTS)
==1130075==    by 0x160D09: MC_Simulation::do_Simulation() (in /home/andrew/Desktop/Projects/FreeDTSBD/DTS)
==1130075==    by 0x15C47A: Job::Job(std::vector<std::__cxx11::basic_string<char, std::char_traits<char>, std::allocator<char> >, std::allocator<std::__cxx11::basic_string<char, std::char_traits<char>, std::allocator<char> > > > const&) (in /home/andrew/Desktop/Projects/FreeDTSBD/DTS)
==1130075==    by 0x119C19: main (in /home/andrew/Desktop/Projects/FreeDTSBD/DTS)
==1130075== 
==1130075== Conditional jump or move depends on uninitialised value(s)
==1130075==    at 0x4B1D35F: exp@@GLIBC_2.29 (w_exp_template.c:33)
==1130075==    by 0x148034: EvolveVerticesByMetropolisAlgorithm::EvolveOneVertex(int, vertex*, double, double, double, double) (in /home/andrew/Desktop/Projects/FreeDTSBD/DTS)
==1130075==    by 0x148663: EvolveVerticesByMetropolisAlgorithm::EvolveOneStep(int) (in /home/andrew/Desktop/Projects/FreeDTSBD/DTS)
==1130075==    by 0x160D09: MC_Simulation::do_Simulation() (in /home/andrew/Desktop/Projects/FreeDTSBD/DTS)
==1130075==    by 0x15C47A: Job::Job(std::vector<std::__cxx11::basic_string<char, std::char_traits<char>, std::allocator<char> >, std::allocator<std::__cxx11::basic_string<char, std::char_traits<char>, std::allocator<char> > > > const&) (in /home/andrew/Desktop/Projects/FreeDTSBD/DTS)
==1130075==    by 0x119C19: main (in /home/andrew/Desktop/Projects/FreeDTSBD/DTS)
==1130075== 
==1130075== Conditional jump or move depends on uninitialised value(s)
==1130075==    at 0x4B1D370: exp@@GLIBC_2.29 (w_exp_template.c:33)
==1130075==    by 0x148034: EvolveVerticesByMetropolisAlgorithm::EvolveOneVertex(int, vertex*, double, double, double, double) (in /home/andrew/Desktop/Projects/FreeDTSBD/DTS)
==1130075==    by 0x148663: EvolveVerticesByMetropolisAlgorithm::EvolveOneStep(int) (in /home/andrew/Desktop/Projects/FreeDTSBD/DTS)
==1130075==    by 0x160D09: MC_Simulation::do_Simulation() (in /home/andrew/Desktop/Projects/FreeDTSBD/DTS)
==1130075==    by 0x15C47A: Job::Job(std::vector<std::__cxx11::basic_string<char, std::char_traits<char>, std::allocator<char> >, std::allocator<std::__cxx11::basic_string<char, std::char_traits<char>, std::allocator<char> > > > const&) (in /home/andrew/Desktop/Projects/FreeDTSBD/DTS)
==1130075==    by 0x119C19: main (in /home/andrew/Desktop/Projects/FreeDTSBD/DTS)
==1130075== 
==1130075== Conditional jump or move depends on uninitialised value(s)
==1130075==    at 0x148045: EvolveVerticesByMetropolisAlgorithm::EvolveOneVertex(int, vertex*, double, double, double, double) (in /home/andrew/Desktop/Projects/FreeDTSBD/DTS)
==1130075==    by 0x148663: EvolveVerticesByMetropolisAlgorithm::EvolveOneStep(int) (in /home/andrew/Desktop/Projects/FreeDTSBD/DTS)
==1130075==    by 0x160D09: MC_Simulation::do_Simulation() (in /home/andrew/Desktop/Projects/FreeDTSBD/DTS)
==1130075==    by 0x15C47A: Job::Job(std::vector<std::__cxx11::basic_string<char, std::char_traits<char>, std::allocator<char> >, std::allocator<std::__cxx11::basic_string<char, std::char_traits<char>, std::allocator<char> > > > const&) (in /home/andrew/Desktop/Projects/FreeDTSBD/DTS)
==1130075==    by 0x119C19: main (in /home/andrew/Desktop/Projects/FreeDTSBD/DTS)
==1130075== 
==1130075== Conditional jump or move depends on uninitialised value(s)
==1130075==    at 0x1AED9A: VolumeCouplingSecondOrder::GetEnergyChange(double, double, double, double) (in /home/andrew/Desktop/Projects/FreeDTSBD/DTS)
==1130075==    by 0x11D015: AlexanderMoveByMetropolisAlgorithm::FlipOneEdge(int, links*, double) (in /home/andrew/Desktop/Projects/FreeDTSBD/DTS)
==1130075==    by 0x11D0E9: AlexanderMoveByMetropolisAlgorithm::EvolveOneStep(int) (in /home/andrew/Desktop/Projects/FreeDTSBD/DTS)
==1130075==    by 0x160D5C: MC_Simulation::do_Simulation() (in /home/andrew/Desktop/Projects/FreeDTSBD/DTS)
==1130075==    by 0x15C47A: Job::Job(std::vector<std::__cxx11::basic_string<char, std::char_traits<char>, std::allocator<char> >, std::allocator<std::__cxx11::basic_string<char, std::char_traits<char>, std::allocator<char> > > > const&) (in /home/andrew/Desktop/Projects/FreeDTSBD/DTS)
==1130075==    by 0x119C19: main (in /home/andrew/Desktop/Projects/FreeDTSBD/DTS)
==1130075==  Uninitialised value was created by a stack allocation
==1130075==    at 0x1634A2: MESH::GenerateMesh(MeshBluePrint) (in /home/andrew/Desktop/Projects/FreeDTSBD/DTS)
==1130075== 
==1130075== Conditional jump or move depends on uninitialised value(s)
==1130075==    at 0x1AEE08: VolumeCouplingSecondOrder::GetEnergyChange(double, double, double, double) (in /home/andrew/Desktop/Projects/FreeDTSBD/DTS)
==1130075==    by 0x11D015: AlexanderMoveByMetropolisAlgorithm::FlipOneEdge(int, links*, double) (in /home/andrew/Desktop/Projects/FreeDTSBD/DTS)
==1130075==    by 0x11D0E9: AlexanderMoveByMetropolisAlgorithm::EvolveOneStep(int) (in /home/andrew/Desktop/Projects/FreeDTSBD/DTS)
==1130075==    by 0x160D5C: MC_Simulation::do_Simulation() (in /home/andrew/Desktop/Projects/FreeDTSBD/DTS)
==1130075==    by 0x15C47A: Job::Job(std::vector<std::__cxx11::basic_string<char, std::char_traits<char>, std::allocator<char> >, std::allocator<std::__cxx11::basic_string<char, std::char_traits<char>, std::allocator<char> > > > const&) (in /home/andrew/Desktop/Projects/FreeDTSBD/DTS)
==1130075==    by 0x119C19: main (in /home/andrew/Desktop/Projects/FreeDTSBD/DTS)
==1130075==  Uninitialised value was created by a stack allocation
==1130075==    at 0x1634A2: MESH::GenerateMesh(MeshBluePrint) (in /home/andrew/Desktop/Projects/FreeDTSBD/DTS)
==1130075== 
==1130075== Conditional jump or move depends on uninitialised value(s)
==1130075==    at 0x1316F5: CouplingGlobalCurvatureToHarmonicPotential::CalculateEnergyChange(double, double) (in /home/andrew/Desktop/Projects/FreeDTSBD/DTS)
==1130075==    by 0x11CFD7: AlexanderMoveByMetropolisAlgorithm::FlipOneEdge(int, links*, double) (in /home/andrew/Desktop/Projects/FreeDTSBD/DTS)
==1130075==    by 0x11D0E9: AlexanderMoveByMetropolisAlgorithm::EvolveOneStep(int) (in /home/andrew/Desktop/Projects/FreeDTSBD/DTS)
==1130075==    by 0x160D5C: MC_Simulation::do_Simulation() (in /home/andrew/Desktop/Projects/FreeDTSBD/DTS)
==1130075==    by 0x15C47A: Job::Job(std::vector<std::__cxx11::basic_string<char, std::char_traits<char>, std::allocator<char> >, std::allocator<std::__cxx11::basic_string<char, std::char_traits<char>, std::allocator<char> > > > const&) (in /home/andrew/Desktop/Projects/FreeDTSBD/DTS)
==1130075==    by 0x119C19: main (in /home/andrew/Desktop/Projects/FreeDTSBD/DTS)
==1130075==  Uninitialised value was created by a stack allocation
==1130075==    at 0x1634A2: MESH::GenerateMesh(MeshBluePrint) (in /home/andrew/Desktop/Projects/FreeDTSBD/DTS)
==1130075== 
==1130075== Conditional jump or move depends on uninitialised value(s)
==1130075==    at 0x131738: CouplingGlobalCurvatureToHarmonicPotential::CalculateEnergyChange(double, double) (in /home/andrew/Desktop/Projects/FreeDTSBD/DTS)
==1130075==    by 0x11CFD7: AlexanderMoveByMetropolisAlgorithm::FlipOneEdge(int, links*, double) (in /home/andrew/Desktop/Projects/FreeDTSBD/DTS)
==1130075==    by 0x11D0E9: AlexanderMoveByMetropolisAlgorithm::EvolveOneStep(int) (in /home/andrew/Desktop/Projects/FreeDTSBD/DTS)
==1130075==    by 0x160D5C: MC_Simulation::do_Simulation() (in /home/andrew/Desktop/Projects/FreeDTSBD/DTS)
==1130075==    by 0x15C47A: Job::Job(std::vector<std::__cxx11::basic_string<char, std::char_traits<char>, std::allocator<char> >, std::allocator<std::__cxx11::basic_string<char, std::char_traits<char>, std::allocator<char> > > > const&) (in /home/andrew/Desktop/Projects/FreeDTSBD/DTS)
==1130075==    by 0x119C19: main (in /home/andrew/Desktop/Projects/FreeDTSBD/DTS)
==1130075==  Uninitialised value was created by a stack allocation
==1130075==    at 0x1634A2: MESH::GenerateMesh(MeshBluePrint) (in /home/andrew/Desktop/Projects/FreeDTSBD/DTS)
==1130075== 
==1130075== Conditional jump or move depends on uninitialised value(s)
==1130075==    at 0x13174E: CouplingGlobalCurvatureToHarmonicPotential::CalculateEnergyChange(double, double) (in /home/andrew/Desktop/Projects/FreeDTSBD/DTS)
==1130075==    by 0x11CFD7: AlexanderMoveByMetropolisAlgorithm::FlipOneEdge(int, links*, double) (in /home/andrew/Desktop/Projects/FreeDTSBD/DTS)
==1130075==    by 0x11D0E9: AlexanderMoveByMetropolisAlgorithm::EvolveOneStep(int) (in /home/andrew/Desktop/Projects/FreeDTSBD/DTS)
==1130075==    by 0x160D5C: MC_Simulation::do_Simulation() (in /home/andrew/Desktop/Projects/FreeDTSBD/DTS)
==1130075==    by 0x15C47A: Job::Job(std::vector<std::__cxx11::basic_string<char, std::char_traits<char>, std::allocator<char> >, std::allocator<std::__cxx11::basic_string<char, std::char_traits<char>, std::allocator<char> > > > const&) (in /home/andrew/Desktop/Projects/FreeDTSBD/DTS)
==1130075==    by 0x119C19: main (in /home/andrew/Desktop/Projects/FreeDTSBD/DTS)
==1130075==  Uninitialised value was created by a stack allocation
==1130075==    at 0x1634A2: MESH::GenerateMesh(MeshBluePrint) (in /home/andrew/Desktop/Projects/FreeDTSBD/DTS)
==1130075== 
==1130075== Conditional jump or move depends on uninitialised value(s)
==1130075==    at 0x11CDB8: AlexanderMoveByMetropolisAlgorithm::FlipOneEdge(int, links*, double) (in /home/andrew/Desktop/Projects/FreeDTSBD/DTS)
==1130075==    by 0x11D0E9: AlexanderMoveByMetropolisAlgorithm::EvolveOneStep(int) (in /home/andrew/Desktop/Projects/FreeDTSBD/DTS)
==1130075==    by 0x160D5C: MC_Simulation::do_Simulation() (in /home/andrew/Desktop/Projects/FreeDTSBD/DTS)
==1130075==    by 0x15C47A: Job::Job(std::vector<std::__cxx11::basic_string<char, std::char_traits<char>, std::allocator<char> >, std::allocator<std::__cxx11::basic_string<char, std::char_traits<char>, std::allocator<char> > > > const&) (in /home/andrew/Desktop/Projects/FreeDTSBD/DTS)
==1130075==    by 0x119C19: main (in /home/andrew/Desktop/Projects/FreeDTSBD/DTS)
==1130075==  Uninitialised value was created by a stack allocation
==1130075==    at 0x1634A2: MESH::GenerateMesh(MeshBluePrint) (in /home/andrew/Desktop/Projects/FreeDTSBD/DTS)
==1130075== 
==1130075== Conditional jump or move depends on uninitialised value(s)
==1130075==    at 0x4B5CDD1: __ieee754_exp_fma (e_exp.c:105)
==1130075==    by 0x4B1D332: exp@@GLIBC_2.29 (w_exp_template.c:32)
==1130075==    by 0x11CE2F: AlexanderMoveByMetropolisAlgorithm::FlipOneEdge(int, links*, double) (in /home/andrew/Desktop/Projects/FreeDTSBD/DTS)
==1130075==    by 0x11D0E9: AlexanderMoveByMetropolisAlgorithm::EvolveOneStep(int) (in /home/andrew/Desktop/Projects/FreeDTSBD/DTS)
==1130075==    by 0x160D5C: MC_Simulation::do_Simulation() (in /home/andrew/Desktop/Projects/FreeDTSBD/DTS)
==1130075==    by 0x15C47A: Job::Job(std::vector<std::__cxx11::basic_string<char, std::char_traits<char>, std::allocator<char> >, std::allocator<std::__cxx11::basic_string<char, std::char_traits<char>, std::allocator<char> > > > const&) (in /home/andrew/Desktop/Projects/FreeDTSBD/DTS)
==1130075==    by 0x119C19: main (in /home/andrew/Desktop/Projects/FreeDTSBD/DTS)
==1130075==  Uninitialised value was created by a stack allocation
==1130075==    at 0x1634A2: MESH::GenerateMesh(MeshBluePrint) (in /home/andrew/Desktop/Projects/FreeDTSBD/DTS)
==1130075== 
==1130075== Use of uninitialised value of size 8
==1130075==    at 0x4B5CE37: __ieee754_exp_fma (e_exp.c:151)
==1130075==    by 0x4B1D332: exp@@GLIBC_2.29 (w_exp_template.c:32)
==1130075==    by 0x11CE2F: AlexanderMoveByMetropolisAlgorithm::FlipOneEdge(int, links*, double) (in /home/andrew/Desktop/Projects/FreeDTSBD/DTS)
==1130075==    by 0x11D0E9: AlexanderMoveByMetropolisAlgorithm::EvolveOneStep(int) (in /home/andrew/Desktop/Projects/FreeDTSBD/DTS)
==1130075==    by 0x160D5C: MC_Simulation::do_Simulation() (in /home/andrew/Desktop/Projects/FreeDTSBD/DTS)
==1130075==    by 0x15C47A: Job::Job(std::vector<std::__cxx11::basic_string<char, std::char_traits<char>, std::allocator<char> >, std::allocator<std::__cxx11::basic_string<char, std::char_traits<char>, std::allocator<char> > > > const&) (in /home/andrew/Desktop/Projects/FreeDTSBD/DTS)
==1130075==    by 0x119C19: main (in /home/andrew/Desktop/Projects/FreeDTSBD/DTS)
==1130075== 
==1130075== Conditional jump or move depends on uninitialised value(s)
==1130075==    at 0x4B5CE5F: __ieee754_exp_fma (e_exp.c:152)
==1130075==    by 0x4B1D332: exp@@GLIBC_2.29 (w_exp_template.c:32)
==1130075==    by 0x11CE2F: AlexanderMoveByMetropolisAlgorithm::FlipOneEdge(int, links*, double) (in /home/andrew/Desktop/Projects/FreeDTSBD/DTS)
==1130075==    by 0x11D0E9: AlexanderMoveByMetropolisAlgorithm::EvolveOneStep(int) (in /home/andrew/Desktop/Projects/FreeDTSBD/DTS)
==1130075==    by 0x160D5C: MC_Simulation::do_Simulation() (in /home/andrew/Desktop/Projects/FreeDTSBD/DTS)
==1130075==    by 0x15C47A: Job::Job(std::vector<std::__cxx11::basic_string<char, std::char_traits<char>, std::allocator<char> >, std::allocator<std::__cxx11::basic_string<char, std::char_traits<char>, std::allocator<char> > > > const&) (in /home/andrew/Desktop/Projects/FreeDTSBD/DTS)
==1130075==    by 0x119C19: main (in /home/andrew/Desktop/Projects/FreeDTSBD/DTS)
==1130075==  Uninitialised value was created by a stack allocation
==1130075==    at 0x1634A2: MESH::GenerateMesh(MeshBluePrint) (in /home/andrew/Desktop/Projects/FreeDTSBD/DTS)
==1130075== 
==1130075== Conditional jump or move depends on uninitialised value(s)
==1130075==    at 0x4B1D355: exp@@GLIBC_2.29 (w_exp_template.c:33)
==1130075==    by 0x11CE2F: AlexanderMoveByMetropolisAlgorithm::FlipOneEdge(int, links*, double) (in /home/andrew/Desktop/Projects/FreeDTSBD/DTS)
==1130075==    by 0x11D0E9: AlexanderMoveByMetropolisAlgorithm::EvolveOneStep(int) (in /home/andrew/Desktop/Projects/FreeDTSBD/DTS)
==1130075==    by 0x160D5C: MC_Simulation::do_Simulation() (in /home/andrew/Desktop/Projects/FreeDTSBD/DTS)
==1130075==    by 0x15C47A: Job::Job(std::vector<std::__cxx11::basic_string<char, std::char_traits<char>, std::allocator<char> >, std::allocator<std::__cxx11::basic_string<char, std::char_traits<char>, std::allocator<char> > > > const&) (in /home/andrew/Desktop/Projects/FreeDTSBD/DTS)
==1130075==    by 0x119C19: main (in /home/andrew/Desktop/Projects/FreeDTSBD/DTS)
==1130075== 
==1130075== Conditional jump or move depends on uninitialised value(s)
==1130075==    at 0x4B1D35F: exp@@GLIBC_2.29 (w_exp_template.c:33)
==1130075==    by 0x11CE2F: AlexanderMoveByMetropolisAlgorithm::FlipOneEdge(int, links*, double) (in /home/andrew/Desktop/Projects/FreeDTSBD/DTS)
==1130075==    by 0x11D0E9: AlexanderMoveByMetropolisAlgorithm::EvolveOneStep(int) (in /home/andrew/Desktop/Projects/FreeDTSBD/DTS)
==1130075==    by 0x160D5C: MC_Simulation::do_Simulation() (in /home/andrew/Desktop/Projects/FreeDTSBD/DTS)
==1130075==    by 0x15C47A: Job::Job(std::vector<std::__cxx11::basic_string<char, std::char_traits<char>, std::allocator<char> >, std::allocator<std::__cxx11::basic_string<char, std::char_traits<char>, std::allocator<char> > > > const&) (in /home/andrew/Desktop/Projects/FreeDTSBD/DTS)
==1130075==    by 0x119C19: main (in /home/andrew/Desktop/Projects/FreeDTSBD/DTS)
==1130075== 
==1130075== Conditional jump or move depends on uninitialised value(s)
==1130075==    at 0x4B1D370: exp@@GLIBC_2.29 (w_exp_template.c:33)
==1130075==    by 0x11CE2F: AlexanderMoveByMetropolisAlgorithm::FlipOneEdge(int, links*, double) (in /home/andrew/Desktop/Projects/FreeDTSBD/DTS)
==1130075==    by 0x11D0E9: AlexanderMoveByMetropolisAlgorithm::EvolveOneStep(int) (in /home/andrew/Desktop/Projects/FreeDTSBD/DTS)
==1130075==    by 0x160D5C: MC_Simulation::do_Simulation() (in /home/andrew/Desktop/Projects/FreeDTSBD/DTS)
==1130075==    by 0x15C47A: Job::Job(std::vector<std::__cxx11::basic_string<char, std::char_traits<char>, std::allocator<char> >, std::allocator<std::__cxx11::basic_string<char, std::char_traits<char>, std::allocator<char> > > > const&) (in /home/andrew/Desktop/Projects/FreeDTSBD/DTS)
==1130075==    by 0x119C19: main (in /home/andrew/Desktop/Projects/FreeDTSBD/DTS)
==1130075== 
==1130075== Conditional jump or move depends on uninitialised value(s)
==1130075==    at 0x11CE3B: AlexanderMoveByMetropolisAlgorithm::FlipOneEdge(int, links*, double) (in /home/andrew/Desktop/Projects/FreeDTSBD/DTS)
==1130075==    by 0x11D0E9: AlexanderMoveByMetropolisAlgorithm::EvolveOneStep(int) (in /home/andrew/Desktop/Projects/FreeDTSBD/DTS)
==1130075==    by 0x160D5C: MC_Simulation::do_Simulation() (in /home/andrew/Desktop/Projects/FreeDTSBD/DTS)
==1130075==    by 0x15C47A: Job::Job(std::vector<std::__cxx11::basic_string<char, std::char_traits<char>, std::allocator<char> >, std::allocator<std::__cxx11::basic_string<char, std::char_traits<char>, std::allocator<char> > > > const&) (in /home/andrew/Desktop/Projects/FreeDTSBD/DTS)
==1130075==    by 0x119C19: main (in /home/andrew/Desktop/Projects/FreeDTSBD/DTS)
==1130075== 
==1130075== Conditional jump or move depends on uninitialised value(s)
==1130075==    at 0x4B5CE72: __ieee754_exp_fma (e_exp.c:108)
==1130075==    by 0x4B1D332: exp@@GLIBC_2.29 (w_exp_template.c:32)
==1130075==    by 0x11CE2F: AlexanderMoveByMetropolisAlgorithm::FlipOneEdge(int, links*, double) (in /home/andrew/Desktop/Projects/FreeDTSBD/DTS)
==1130075==    by 0x11D0E9: AlexanderMoveByMetropolisAlgorithm::EvolveOneStep(int) (in /home/andrew/Desktop/Projects/FreeDTSBD/DTS)
==1130075==    by 0x160D5C: MC_Simulation::do_Simulation() (in /home/andrew/Desktop/Projects/FreeDTSBD/DTS)
==1130075==    by 0x15C47A: Job::Job(std::vector<std::__cxx11::basic_string<char, std::char_traits<char>, std::allocator<char> >, std::allocator<std::__cxx11::basic_string<char, std::char_traits<char>, std::allocator<char> > > > const&) (in /home/andrew/Desktop/Projects/FreeDTSBD/DTS)
==1130075==    by 0x119C19: main (in /home/andrew/Desktop/Projects/FreeDTSBD/DTS)
==1130075==  Uninitialised value was created by a stack allocation
==1130075==    at 0x1634A2: MESH::GenerateMesh(MeshBluePrint) (in /home/andrew/Desktop/Projects/FreeDTSBD/DTS)
==1130075== 
==1130075== Conditional jump or move depends on uninitialised value(s)
==1130075==    at 0x4B5CE7E: __ieee754_exp_fma (e_exp.c:112)
==1130075==    by 0x4B1D332: exp@@GLIBC_2.29 (w_exp_template.c:32)
==1130075==    by 0x11CE2F: AlexanderMoveByMetropolisAlgorithm::FlipOneEdge(int, links*, double) (in /home/andrew/Desktop/Projects/FreeDTSBD/DTS)
==1130075==    by 0x11D0E9: AlexanderMoveByMetropolisAlgorithm::EvolveOneStep(int) (in /home/andrew/Desktop/Projects/FreeDTSBD/DTS)
==1130075==    by 0x160D5C: MC_Simulation::do_Simulation() (in /home/andrew/Desktop/Projects/FreeDTSBD/DTS)
==1130075==    by 0x15C47A: Job::Job(std::vector<std::__cxx11::basic_string<char, std::char_traits<char>, std::allocator<char> >, std::allocator<std::__cxx11::basic_string<char, std::char_traits<char>, std::allocator<char> > > > const&) (in /home/andrew/Desktop/Projects/FreeDTSBD/DTS)
==1130075==    by 0x119C19: main (in /home/andrew/Desktop/Projects/FreeDTSBD/DTS)
==1130075==  Uninitialised value was created by a stack allocation
==1130075==    at 0x1634A2: MESH::GenerateMesh(MeshBluePrint) (in /home/andrew/Desktop/Projects/FreeDTSBD/DTS)
==1130075== 
==1130075== Conditional jump or move depends on uninitialised value(s)
==1130075==    at 0x4B5CEB6: specialcase (e_exp.c:51)
==1130075==    by 0x4B5CEB6: __ieee754_exp_fma (e_exp.c:153)
==1130075==    by 0x4B1D332: exp@@GLIBC_2.29 (w_exp_template.c:32)
==1130075==    by 0x11CE2F: AlexanderMoveByMetropolisAlgorithm::FlipOneEdge(int, links*, double) (in /home/andrew/Desktop/Projects/FreeDTSBD/DTS)
==1130075==    by 0x11D0E9: AlexanderMoveByMetropolisAlgorithm::EvolveOneStep(int) (in /home/andrew/Desktop/Projects/FreeDTSBD/DTS)
==1130075==    by 0x160D5C: MC_Simulation::do_Simulation() (in /home/andrew/Desktop/Projects/FreeDTSBD/DTS)
==1130075==    by 0x15C47A: Job::Job(std::vector<std::__cxx11::basic_string<char, std::char_traits<char>, std::allocator<char> >, std::allocator<std::__cxx11::basic_string<char, std::char_traits<char>, std::allocator<char> > > > const&) (in /home/andrew/Desktop/Projects/FreeDTSBD/DTS)
==1130075==    by 0x119C19: main (in /home/andrew/Desktop/Projects/FreeDTSBD/DTS)
==1130075== 
==1130075== Conditional jump or move depends on uninitialised value(s)
==1130075==    at 0x4B5CEE2: specialcase (e_exp.c:63)
==1130075==    by 0x4B5CEE2: __ieee754_exp_fma (e_exp.c:153)
==1130075==    by 0x4B1D332: exp@@GLIBC_2.29 (w_exp_template.c:32)
==1130075==    by 0x11CE2F: AlexanderMoveByMetropolisAlgorithm::FlipOneEdge(int, links*, double) (in /home/andrew/Desktop/Projects/FreeDTSBD/DTS)
==1130075==    by 0x11D0E9: AlexanderMoveByMetropolisAlgorithm::EvolveOneStep(int) (in /home/andrew/Desktop/Projects/FreeDTSBD/DTS)
==1130075==    by 0x160D5C: MC_Simulation::do_Simulation() (in /home/andrew/Desktop/Projects/FreeDTSBD/DTS)
==1130075==    by 0x15C47A: Job::Job(std::vector<std::__cxx11::basic_string<char, std::char_traits<char>, std::allocator<char> >, std::allocator<std::__cxx11::basic_string<char, std::char_traits<char>, std::allocator<char> > > > const&) (in /home/andrew/Desktop/Projects/FreeDTSBD/DTS)
==1130075==    by 0x119C19: main (in /home/andrew/Desktop/Projects/FreeDTSBD/DTS)
==1130075== 
==1130075== Conditional jump or move depends on uninitialised value(s)
==1130075==    at 0x4B5CF28: specialcase (e_exp.c:75)
==1130075==    by 0x4B5CF28: __ieee754_exp_fma (e_exp.c:153)
==1130075==    by 0x4B1D332: exp@@GLIBC_2.29 (w_exp_template.c:32)
==1130075==    by 0x11CE2F: AlexanderMoveByMetropolisAlgorithm::FlipOneEdge(int, links*, double) (in /home/andrew/Desktop/Projects/FreeDTSBD/DTS)
==1130075==    by 0x11D0E9: AlexanderMoveByMetropolisAlgorithm::EvolveOneStep(int) (in /home/andrew/Desktop/Projects/FreeDTSBD/DTS)
==1130075==    by 0x160D5C: MC_Simulation::do_Simulation() (in /home/andrew/Desktop/Projects/FreeDTSBD/DTS)
==1130075==    by 0x15C47A: Job::Job(std::vector<std::__cxx11::basic_string<char, std::char_traits<char>, std::allocator<char> >, std::allocator<std::__cxx11::basic_string<char, std::char_traits<char>, std::allocator<char> > > > const&) (in /home/andrew/Desktop/Projects/FreeDTSBD/DTS)
==1130075==    by 0x119C19: main (in /home/andrew/Desktop/Projects/FreeDTSBD/DTS)
==1130075== 
==1130075== Conditional jump or move depends on uninitialised value(s)
==1130075==    at 0x4B5CF2A: specialcase (e_exp.c:75)
==1130075==    by 0x4B5CF2A: __ieee754_exp_fma (e_exp.c:153)
==1130075==    by 0x4B1D332: exp@@GLIBC_2.29 (w_exp_template.c:32)
==1130075==    by 0x11CE2F: AlexanderMoveByMetropolisAlgorithm::FlipOneEdge(int, links*, double) (in /home/andrew/Desktop/Projects/FreeDTSBD/DTS)
==1130075==    by 0x11D0E9: AlexanderMoveByMetropolisAlgorithm::EvolveOneStep(int) (in /home/andrew/Desktop/Projects/FreeDTSBD/DTS)
==1130075==    by 0x160D5C: MC_Simulation::do_Simulation() (in /home/andrew/Desktop/Projects/FreeDTSBD/DTS)
==1130075==    by 0x15C47A: Job::Job(std::vector<std::__cxx11::basic_string<char, std::char_traits<char>, std::allocator<char> >, std::allocator<std::__cxx11::basic_string<char, std::char_traits<char>, std::allocator<char> > > > const&) (in /home/andrew/Desktop/Projects/FreeDTSBD/DTS)
==1130075==    by 0x119C19: main (in /home/andrew/Desktop/Projects/FreeDTSBD/DTS)
==1130075== 
==1130075== Conditional jump or move depends on uninitialised value(s)
==1130075==    at 0x4B5849C: __math_check_uflow (math_err.c:85)
==1130075==    by 0x4B1D332: exp@@GLIBC_2.29 (w_exp_template.c:32)
==1130075==    by 0x11CE2F: AlexanderMoveByMetropolisAlgorithm::FlipOneEdge(int, links*, double) (in /home/andrew/Desktop/Projects/FreeDTSBD/DTS)
==1130075==    by 0x11D0E9: AlexanderMoveByMetropolisAlgorithm::EvolveOneStep(int) (in /home/andrew/Desktop/Projects/FreeDTSBD/DTS)
==1130075==    by 0x160D5C: MC_Simulation::do_Simulation() (in /home/andrew/Desktop/Projects/FreeDTSBD/DTS)
==1130075==    by 0x15C47A: Job::Job(std::vector<std::__cxx11::basic_string<char, std::char_traits<char>, std::allocator<char> >, std::allocator<std::__cxx11::basic_string<char, std::char_traits<char>, std::allocator<char> > > > const&) (in /home/andrew/Desktop/Projects/FreeDTSBD/DTS)
==1130075==    by 0x119C19: main (in /home/andrew/Desktop/Projects/FreeDTSBD/DTS)
==1130075== 
==1130075== Conditional jump or move depends on uninitialised value(s)
==1130075==    at 0x4B584A0: __math_check_uflow (math_err.c:85)
==1130075==    by 0x4B1D332: exp@@GLIBC_2.29 (w_exp_template.c:32)
==1130075==    by 0x11CE2F: AlexanderMoveByMetropolisAlgorithm::FlipOneEdge(int, links*, double) (in /home/andrew/Desktop/Projects/FreeDTSBD/DTS)
==1130075==    by 0x11D0E9: AlexanderMoveByMetropolisAlgorithm::EvolveOneStep(int) (in /home/andrew/Desktop/Projects/FreeDTSBD/DTS)
==1130075==    by 0x160D5C: MC_Simulation::do_Simulation() (in /home/andrew/Desktop/Projects/FreeDTSBD/DTS)
==1130075==    by 0x15C47A: Job::Job(std::vector<std::__cxx11::basic_string<char, std::char_traits<char>, std::allocator<char> >, std::allocator<std::__cxx11::basic_string<char, std::char_traits<char>, std::allocator<char> > > > const&) (in /home/andrew/Desktop/Projects/FreeDTSBD/DTS)
==1130075==    by 0x119C19: main (in /home/andrew/Desktop/Projects/FreeDTSBD/DTS)
==1130075== 
==1130075== Conditional jump or move depends on uninitialised value(s)
==1130075==    at 0x121F83: bond::CalculateEnergy() const (in /home/andrew/Desktop/Projects/FreeDTSBD/DTS)
==1130075==    by 0x1AB521: VertexHarmonicBounds::GetBondEnergyOfVertex() (in /home/andrew/Desktop/Projects/FreeDTSBD/DTS)
==1130075==    by 0x147715: EvolveVerticesByMetropolisAlgorithm::EvolveOneVertex(int, vertex*, double, double, double, double) (in /home/andrew/Desktop/Projects/FreeDTSBD/DTS)
==1130075==    by 0x148663: EvolveVerticesByMetropolisAlgorithm::EvolveOneStep(int) (in /home/andrew/Desktop/Projects/FreeDTSBD/DTS)
==1130075==    by 0x160D09: MC_Simulation::do_Simulation() (in /home/andrew/Desktop/Projects/FreeDTSBD/DTS)
==1130075==    by 0x15C47A: Job::Job(std::vector<std::__cxx11::basic_string<char, std::char_traits<char>, std::allocator<char> >, std::allocator<std::__cxx11::basic_string<char, std::char_traits<char>, std::allocator<char> > > > const&) (in /home/andrew/Desktop/Projects/FreeDTSBD/DTS)
==1130075==    by 0x119C19: main (in /home/andrew/Desktop/Projects/FreeDTSBD/DTS)
==1130075==  Uninitialised value was created by a stack allocation
==1130075==    at 0x1634A2: MESH::GenerateMesh(MeshBluePrint) (in /home/andrew/Desktop/Projects/FreeDTSBD/DTS)
==1130075== 
==1130075== Conditional jump or move depends on uninitialised value(s)
==1130075==    at 0x121F8D: bond::CalculateEnergy() const (in /home/andrew/Desktop/Projects/FreeDTSBD/DTS)
==1130075==    by 0x1AB521: VertexHarmonicBounds::GetBondEnergyOfVertex() (in /home/andrew/Desktop/Projects/FreeDTSBD/DTS)
==1130075==    by 0x147715: EvolveVerticesByMetropolisAlgorithm::EvolveOneVertex(int, vertex*, double, double, double, double) (in /home/andrew/Desktop/Projects/FreeDTSBD/DTS)
==1130075==    by 0x148663: EvolveVerticesByMetropolisAlgorithm::EvolveOneStep(int) (in /home/andrew/Desktop/Projects/FreeDTSBD/DTS)
==1130075==    by 0x160D09: MC_Simulation::do_Simulation() (in /home/andrew/Desktop/Projects/FreeDTSBD/DTS)
==1130075==    by 0x15C47A: Job::Job(std::vector<std::__cxx11::basic_string<char, std::char_traits<char>, std::allocator<char> >, std::allocator<std::__cxx11::basic_string<char, std::char_traits<char>, std::allocator<char> > > > const&) (in /home/andrew/Desktop/Projects/FreeDTSBD/DTS)
==1130075==    by 0x119C19: main (in /home/andrew/Desktop/Projects/FreeDTSBD/DTS)
==1130075==  Uninitialised value was created by a stack allocation
==1130075==    at 0x1634A2: MESH::GenerateMesh(MeshBluePrint) (in /home/andrew/Desktop/Projects/FreeDTSBD/DTS)
==1130075== 
==1130075== Conditional jump or move depends on uninitialised value(s)
==1130075==    at 0x121FC7: bond::CalculateEnergy() const (in /home/andrew/Desktop/Projects/FreeDTSBD/DTS)
==1130075==    by 0x1AB521: VertexHarmonicBounds::GetBondEnergyOfVertex() (in /home/andrew/Desktop/Projects/FreeDTSBD/DTS)
==1130075==    by 0x147715: EvolveVerticesByMetropolisAlgorithm::EvolveOneVertex(int, vertex*, double, double, double, double) (in /home/andrew/Desktop/Projects/FreeDTSBD/DTS)
==1130075==    by 0x148663: EvolveVerticesByMetropolisAlgorithm::EvolveOneStep(int) (in /home/andrew/Desktop/Projects/FreeDTSBD/DTS)
==1130075==    by 0x160D09: MC_Simulation::do_Simulation() (in /home/andrew/Desktop/Projects/FreeDTSBD/DTS)
==1130075==    by 0x15C47A: Job::Job(std::vector<std::__cxx11::basic_string<char, std::char_traits<char>, std::allocator<char> >, std::allocator<std::__cxx11::basic_string<char, std::char_traits<char>, std::allocator<char> > > > const&) (in /home/andrew/Desktop/Projects/FreeDTSBD/DTS)
==1130075==    by 0x119C19: main (in /home/andrew/Desktop/Projects/FreeDTSBD/DTS)
==1130075==  Uninitialised value was created by a stack allocation
==1130075==    at 0x1634A2: MESH::GenerateMesh(MeshBluePrint) (in /home/andrew/Desktop/Projects/FreeDTSBD/DTS)
==1130075== 
==1130075== Conditional jump or move depends on uninitialised value(s)
==1130075==    at 0x122007: bond::CalculateEnergy() const (in /home/andrew/Desktop/Projects/FreeDTSBD/DTS)
==1130075==    by 0x1AB521: VertexHarmonicBounds::GetBondEnergyOfVertex() (in /home/andrew/Desktop/Projects/FreeDTSBD/DTS)
==1130075==    by 0x147715: EvolveVerticesByMetropolisAlgorithm::EvolveOneVertex(int, vertex*, double, double, double, double) (in /home/andrew/Desktop/Projects/FreeDTSBD/DTS)
==1130075==    by 0x148663: EvolveVerticesByMetropolisAlgorithm::EvolveOneStep(int) (in /home/andrew/Desktop/Projects/FreeDTSBD/DTS)
==1130075==    by 0x160D09: MC_Simulation::do_Simulation() (in /home/andrew/Desktop/Projects/FreeDTSBD/DTS)
==1130075==    by 0x15C47A: Job::Job(std::vector<std::__cxx11::basic_string<char, std::char_traits<char>, std::allocator<char> >, std::allocator<std::__cxx11::basic_string<char, std::char_traits<char>, std::allocator<char> > > > const&) (in /home/andrew/Desktop/Projects/FreeDTSBD/DTS)
==1130075==    by 0x119C19: main (in /home/andrew/Desktop/Projects/FreeDTSBD/DTS)
==1130075==  Uninitialised value was created by a stack allocation
==1130075==    at 0x1634A2: MESH::GenerateMesh(MeshBluePrint) (in /home/andrew/Desktop/Projects/FreeDTSBD/DTS)
==1130075== 
==1130075== Conditional jump or move depends on uninitialised value(s)
==1130075==    at 0x122011: bond::CalculateEnergy() const (in /home/andrew/Desktop/Projects/FreeDTSBD/DTS)
==1130075==    by 0x1AB521: VertexHarmonicBounds::GetBondEnergyOfVertex() (in /home/andrew/Desktop/Projects/FreeDTSBD/DTS)
==1130075==    by 0x147715: EvolveVerticesByMetropolisAlgorithm::EvolveOneVertex(int, vertex*, double, double, double, double) (in /home/andrew/Desktop/Projects/FreeDTSBD/DTS)
==1130075==    by 0x148663: EvolveVerticesByMetropolisAlgorithm::EvolveOneStep(int) (in /home/andrew/Desktop/Projects/FreeDTSBD/DTS)
==1130075==    by 0x160D09: MC_Simulation::do_Simulation() (in /home/andrew/Desktop/Projects/FreeDTSBD/DTS)
==1130075==    by 0x15C47A: Job::Job(std::vector<std::__cxx11::basic_string<char, std::char_traits<char>, std::allocator<char> >, std::allocator<std::__cxx11::basic_string<char, std::char_traits<char>, std::allocator<char> > > > const&) (in /home/andrew/Desktop/Projects/FreeDTSBD/DTS)
==1130075==    by 0x119C19: main (in /home/andrew/Desktop/Projects/FreeDTSBD/DTS)
==1130075==  Uninitialised value was created by a stack allocation
==1130075==    at 0x1634A2: MESH::GenerateMesh(MeshBluePrint) (in /home/andrew/Desktop/Projects/FreeDTSBD/DTS)
==1130075== 
==1130075== Conditional jump or move depends on uninitialised value(s)
==1130075==    at 0x1AA0A6: Vec3D::norm() const (in /home/andrew/Desktop/Projects/FreeDTSBD/DTS)
==1130075==    by 0x12202F: bond::CalculateEnergy() const (in /home/andrew/Desktop/Projects/FreeDTSBD/DTS)
==1130075==    by 0x1AB521: VertexHarmonicBounds::GetBondEnergyOfVertex() (in /home/andrew/Desktop/Projects/FreeDTSBD/DTS)
==1130075==    by 0x147715: EvolveVerticesByMetropolisAlgorithm::EvolveOneVertex(int, vertex*, double, double, double, double) (in /home/andrew/Desktop/Projects/FreeDTSBD/DTS)
==1130075==    by 0x148663: EvolveVerticesByMetropolisAlgorithm::EvolveOneStep(int) (in /home/andrew/Desktop/Projects/FreeDTSBD/DTS)
==1130075==    by 0x160D09: MC_Simulation::do_Simulation() (in /home/andrew/Desktop/Projects/FreeDTSBD/DTS)
==1130075==    by 0x15C47A: Job::Job(std::vector<std::__cxx11::basic_string<char, std::char_traits<char>, std::allocator<char> >, std::allocator<std::__cxx11::basic_string<char, std::char_traits<char>, std::allocator<char> > > > const&) (in /home/andrew/Desktop/Projects/FreeDTSBD/DTS)
==1130075==    by 0x119C19: main (in /home/andrew/Desktop/Projects/FreeDTSBD/DTS)
==1130075==  Uninitialised value was created by a stack allocation
==1130075==    at 0x1634A2: MESH::GenerateMesh(MeshBluePrint) (in /home/andrew/Desktop/Projects/FreeDTSBD/DTS)
==1130075== 
==1130075== Conditional jump or move depends on uninitialised value(s)
==1130075==    at 0x121F83: bond::CalculateEnergy() const (in /home/andrew/Desktop/Projects/FreeDTSBD/DTS)
==1130075==    by 0x1AB521: VertexHarmonicBounds::GetBondEnergyOfVertex() (in /home/andrew/Desktop/Projects/FreeDTSBD/DTS)
==1130075==    by 0x147D99: EvolveVerticesByMetropolisAlgorithm::EvolveOneVertex(int, vertex*, double, double, double, double) (in /home/andrew/Desktop/Projects/FreeDTSBD/DTS)
==1130075==    by 0x148663: EvolveVerticesByMetropolisAlgorithm::EvolveOneStep(int) (in /home/andrew/Desktop/Projects/FreeDTSBD/DTS)
==1130075==    by 0x160D09: MC_Simulation::do_Simulation() (in /home/andrew/Desktop/Projects/FreeDTSBD/DTS)
==1130075==    by 0x15C47A: Job::Job(std::vector<std::__cxx11::basic_string<char, std::char_traits<char>, std::allocator<char> >, std::allocator<std::__cxx11::basic_string<char, std::char_traits<char>, std::allocator<char> > > > const&) (in /home/andrew/Desktop/Projects/FreeDTSBD/DTS)
==1130075==    by 0x119C19: main (in /home/andrew/Desktop/Projects/FreeDTSBD/DTS)
==1130075==  Uninitialised value was created by a stack allocation
==1130075==    at 0x1634A2: MESH::GenerateMesh(MeshBluePrint) (in /home/andrew/Desktop/Projects/FreeDTSBD/DTS)
==1130075== 
==1130075== Conditional jump or move depends on uninitialised value(s)
==1130075==    at 0x121F8D: bond::CalculateEnergy() const (in /home/andrew/Desktop/Projects/FreeDTSBD/DTS)
==1130075==    by 0x1AB521: VertexHarmonicBounds::GetBondEnergyOfVertex() (in /home/andrew/Desktop/Projects/FreeDTSBD/DTS)
==1130075==    by 0x147D99: EvolveVerticesByMetropolisAlgorithm::EvolveOneVertex(int, vertex*, double, double, double, double) (in /home/andrew/Desktop/Projects/FreeDTSBD/DTS)
==1130075==    by 0x148663: EvolveVerticesByMetropolisAlgorithm::EvolveOneStep(int) (in /home/andrew/Desktop/Projects/FreeDTSBD/DTS)
==1130075==    by 0x160D09: MC_Simulation::do_Simulation() (in /home/andrew/Desktop/Projects/FreeDTSBD/DTS)
==1130075==    by 0x15C47A: Job::Job(std::vector<std::__cxx11::basic_string<char, std::char_traits<char>, std::allocator<char> >, std::allocator<std::__cxx11::basic_string<char, std::char_traits<char>, std::allocator<char> > > > const&) (in /home/andrew/Desktop/Projects/FreeDTSBD/DTS)
==1130075==    by 0x119C19: main (in /home/andrew/Desktop/Projects/FreeDTSBD/DTS)
==1130075==  Uninitialised value was created by a stack allocation
==1130075==    at 0x1634A2: MESH::GenerateMesh(MeshBluePrint) (in /home/andrew/Desktop/Projects/FreeDTSBD/DTS)
==1130075== 
==1130075== Conditional jump or move depends on uninitialised value(s)
==1130075==    at 0x121FC7: bond::CalculateEnergy() const (in /home/andrew/Desktop/Projects/FreeDTSBD/DTS)
==1130075==    by 0x1AB521: VertexHarmonicBounds::GetBondEnergyOfVertex() (in /home/andrew/Desktop/Projects/FreeDTSBD/DTS)
==1130075==    by 0x147D99: EvolveVerticesByMetropolisAlgorithm::EvolveOneVertex(int, vertex*, double, double, double, double) (in /home/andrew/Desktop/Projects/FreeDTSBD/DTS)
==1130075==    by 0x148663: EvolveVerticesByMetropolisAlgorithm::EvolveOneStep(int) (in /home/andrew/Desktop/Projects/FreeDTSBD/DTS)
==1130075==    by 0x160D09: MC_Simulation::do_Simulation() (in /home/andrew/Desktop/Projects/FreeDTSBD/DTS)
==1130075==    by 0x15C47A: Job::Job(std::vector<std::__cxx11::basic_string<char, std::char_traits<char>, std::allocator<char> >, std::allocator<std::__cxx11::basic_string<char, std::char_traits<char>, std::allocator<char> > > > const&) (in /home/andrew/Desktop/Projects/FreeDTSBD/DTS)
==1130075==    by 0x119C19: main (in /home/andrew/Desktop/Projects/FreeDTSBD/DTS)
==1130075==  Uninitialised value was created by a stack allocation
==1130075==    at 0x1634A2: MESH::GenerateMesh(MeshBluePrint) (in /home/andrew/Desktop/Projects/FreeDTSBD/DTS)
==1130075== 
==1130075== Conditional jump or move depends on uninitialised value(s)
==1130075==    at 0x121FD1: bond::CalculateEnergy() const (in /home/andrew/Desktop/Projects/FreeDTSBD/DTS)
==1130075==    by 0x1AB521: VertexHarmonicBounds::GetBondEnergyOfVertex() (in /home/andrew/Desktop/Projects/FreeDTSBD/DTS)
==1130075==    by 0x147D99: EvolveVerticesByMetropolisAlgorithm::EvolveOneVertex(int, vertex*, double, double, double, double) (in /home/andrew/Desktop/Projects/FreeDTSBD/DTS)
==1130075==    by 0x148663: EvolveVerticesByMetropolisAlgorithm::EvolveOneStep(int) (in /home/andrew/Desktop/Projects/FreeDTSBD/DTS)
==1130075==    by 0x160D09: MC_Simulation::do_Simulation() (in /home/andrew/Desktop/Projects/FreeDTSBD/DTS)
==1130075==    by 0x15C47A: Job::Job(std::vector<std::__cxx11::basic_string<char, std::char_traits<char>, std::allocator<char> >, std::allocator<std::__cxx11::basic_string<char, std::char_traits<char>, std::allocator<char> > > > const&) (in /home/andrew/Desktop/Projects/FreeDTSBD/DTS)
==1130075==    by 0x119C19: main (in /home/andrew/Desktop/Projects/FreeDTSBD/DTS)
==1130075==  Uninitialised value was created by a stack allocation
==1130075==    at 0x1634A2: MESH::GenerateMesh(MeshBluePrint) (in /home/andrew/Desktop/Projects/FreeDTSBD/DTS)
==1130075== 
==1130075== Conditional jump or move depends on uninitialised value(s)
==1130075==    at 0x122007: bond::CalculateEnergy() const (in /home/andrew/Desktop/Projects/FreeDTSBD/DTS)
==1130075==    by 0x1AB521: VertexHarmonicBounds::GetBondEnergyOfVertex() (in /home/andrew/Desktop/Projects/FreeDTSBD/DTS)
==1130075==    by 0x147D99: EvolveVerticesByMetropolisAlgorithm::EvolveOneVertex(int, vertex*, double, double, double, double) (in /home/andrew/Desktop/Projects/FreeDTSBD/DTS)
==1130075==    by 0x148663: EvolveVerticesByMetropolisAlgorithm::EvolveOneStep(int) (in /home/andrew/Desktop/Projects/FreeDTSBD/DTS)
==1130075==    by 0x160D09: MC_Simulation::do_Simulation() (in /home/andrew/Desktop/Projects/FreeDTSBD/DTS)
==1130075==    by 0x15C47A: Job::Job(std::vector<std::__cxx11::basic_string<char, std::char_traits<char>, std::allocator<char> >, std::allocator<std::__cxx11::basic_string<char, std::char_traits<char>, std::allocator<char> > > > const&) (in /home/andrew/Desktop/Projects/FreeDTSBD/DTS)
==1130075==    by 0x119C19: main (in /home/andrew/Desktop/Projects/FreeDTSBD/DTS)
==1130075==  Uninitialised value was created by a stack allocation
==1130075==    at 0x1634A2: MESH::GenerateMesh(MeshBluePrint) (in /home/andrew/Desktop/Projects/FreeDTSBD/DTS)
==1130075== 
==1130075== Conditional jump or move depends on uninitialised value(s)
==1130075==    at 0x122011: bond::CalculateEnergy() const (in /home/andrew/Desktop/Projects/FreeDTSBD/DTS)
==1130075==    by 0x1AB521: VertexHarmonicBounds::GetBondEnergyOfVertex() (in /home/andrew/Desktop/Projects/FreeDTSBD/DTS)
==1130075==    by 0x147D99: EvolveVerticesByMetropolisAlgorithm::EvolveOneVertex(int, vertex*, double, double, double, double) (in /home/andrew/Desktop/Projects/FreeDTSBD/DTS)
==1130075==    by 0x148663: EvolveVerticesByMetropolisAlgorithm::EvolveOneStep(int) (in /home/andrew/Desktop/Projects/FreeDTSBD/DTS)
==1130075==    by 0x160D09: MC_Simulation::do_Simulation() (in /home/andrew/Desktop/Projects/FreeDTSBD/DTS)
==1130075==    by 0x15C47A: Job::Job(std::vector<std::__cxx11::basic_string<char, std::char_traits<char>, std::allocator<char> >, std::allocator<std::__cxx11::basic_string<char, std::char_traits<char>, std::allocator<char> > > > const&) (in /home/andrew/Desktop/Projects/FreeDTSBD/DTS)
==1130075==    by 0x119C19: main (in /home/andrew/Desktop/Projects/FreeDTSBD/DTS)
==1130075==  Uninitialised value was created by a stack allocation
==1130075==    at 0x1634A2: MESH::GenerateMesh(MeshBluePrint) (in /home/andrew/Desktop/Projects/FreeDTSBD/DTS)
==1130075== 
==1130075== Conditional jump or move depends on uninitialised value(s)
==1130075==    at 0x1AA0A6: Vec3D::norm() const (in /home/andrew/Desktop/Projects/FreeDTSBD/DTS)
==1130075==    by 0x12202F: bond::CalculateEnergy() const (in /home/andrew/Desktop/Projects/FreeDTSBD/DTS)
==1130075==    by 0x1AB521: VertexHarmonicBounds::GetBondEnergyOfVertex() (in /home/andrew/Desktop/Projects/FreeDTSBD/DTS)
==1130075==    by 0x147D99: EvolveVerticesByMetropolisAlgorithm::EvolveOneVertex(int, vertex*, double, double, double, double) (in /home/andrew/Desktop/Projects/FreeDTSBD/DTS)
==1130075==    by 0x148663: EvolveVerticesByMetropolisAlgorithm::EvolveOneStep(int) (in /home/andrew/Desktop/Projects/FreeDTSBD/DTS)
==1130075==    by 0x160D09: MC_Simulation::do_Simulation() (in /home/andrew/Desktop/Projects/FreeDTSBD/DTS)
==1130075==    by 0x15C47A: Job::Job(std::vector<std::__cxx11::basic_string<char, std::char_traits<char>, std::allocator<char> >, std::allocator<std::__cxx11::basic_string<char, std::char_traits<char>, std::allocator<char> > > > const&) (in /home/andrew/Desktop/Projects/FreeDTSBD/DTS)
==1130075==    by 0x119C19: main (in /home/andrew/Desktop/Projects/FreeDTSBD/DTS)
==1130075==  Uninitialised value was created by a stack allocation
==1130075==    at 0x1634A2: MESH::GenerateMesh(MeshBluePrint) (in /home/andrew/Desktop/Projects/FreeDTSBD/DTS)
==1130075== 
==1130075== Conditional jump or move depends on uninitialised value(s)
==1130075==    at 0x146216: EvolveVerticesByMetropolisAlgorithm::VertexMoveIsFine(vertex*, double, double, double, double, double) (in /home/andrew/Desktop/Projects/FreeDTSBD/DTS)
==1130075==    by 0x1473B9: EvolveVerticesByMetropolisAlgorithm::EvolveOneVertex(int, vertex*, double, double, double, double) (in /home/andrew/Desktop/Projects/FreeDTSBD/DTS)
==1130075==    by 0x148663: EvolveVerticesByMetropolisAlgorithm::EvolveOneStep(int) (in /home/andrew/Desktop/Projects/FreeDTSBD/DTS)
==1130075==    by 0x160D09: MC_Simulation::do_Simulation() (in /home/andrew/Desktop/Projects/FreeDTSBD/DTS)
==1130075==    by 0x15C47A: Job::Job(std::vector<std::__cxx11::basic_string<char, std::char_traits<char>, std::allocator<char> >, std::allocator<std::__cxx11::basic_string<char, std::char_traits<char>, std::allocator<char> > > > const&) (in /home/andrew/Desktop/Projects/FreeDTSBD/DTS)
==1130075==    by 0x119C19: main (in /home/andrew/Desktop/Projects/FreeDTSBD/DTS)
==1130075==  Uninitialised value was created by a stack allocation
==1130075==    at 0x1634A2: MESH::GenerateMesh(MeshBluePrint) (in /home/andrew/Desktop/Projects/FreeDTSBD/DTS)
==1130075== 
==1130075== Conditional jump or move depends on uninitialised value(s)
==1130075==    at 0x146A68: EvolveVerticesByMetropolisAlgorithm::VertexMoveIsFine(vertex*, double, double, double, double, double) (in /home/andrew/Desktop/Projects/FreeDTSBD/DTS)
==1130075==    by 0x1473B9: EvolveVerticesByMetropolisAlgorithm::EvolveOneVertex(int, vertex*, double, double, double, double) (in /home/andrew/Desktop/Projects/FreeDTSBD/DTS)
==1130075==    by 0x148663: EvolveVerticesByMetropolisAlgorithm::EvolveOneStep(int) (in /home/andrew/Desktop/Projects/FreeDTSBD/DTS)
==1130075==    by 0x160D09: MC_Simulation::do_Simulation() (in /home/andrew/Desktop/Projects/FreeDTSBD/DTS)
==1130075==    by 0x15C47A: Job::Job(std::vector<std::__cxx11::basic_string<char, std::char_traits<char>, std::allocator<char> >, std::allocator<std::__cxx11::basic_string<char, std::char_traits<char>, std::allocator<char> > > > const&) (in /home/andrew/Desktop/Projects/FreeDTSBD/DTS)
==1130075==    by 0x119C19: main (in /home/andrew/Desktop/Projects/FreeDTSBD/DTS)
==1130075==  Uninitialised value was created by a stack allocation
==1130075==    at 0x1634A2: MESH::GenerateMesh(MeshBluePrint) (in /home/andrew/Desktop/Projects/FreeDTSBD/DTS)
==1130075== 
==1130075== Conditional jump or move depends on uninitialised value(s)
==1130075==    at 0x146234: EvolveVerticesByMetropolisAlgorithm::VertexMoveIsFine(vertex*, double, double, double, double, double) (in /home/andrew/Desktop/Projects/FreeDTSBD/DTS)
==1130075==    by 0x1473B9: EvolveVerticesByMetropolisAlgorithm::EvolveOneVertex(int, vertex*, double, double, double, double) (in /home/andrew/Desktop/Projects/FreeDTSBD/DTS)
==1130075==    by 0x148663: EvolveVerticesByMetropolisAlgorithm::EvolveOneStep(int) (in /home/andrew/Desktop/Projects/FreeDTSBD/DTS)
==1130075==    by 0x160D09: MC_Simulation::do_Simulation() (in /home/andrew/Desktop/Projects/FreeDTSBD/DTS)
==1130075==    by 0x15C47A: Job::Job(std::vector<std::__cxx11::basic_string<char, std::char_traits<char>, std::allocator<char> >, std::allocator<std::__cxx11::basic_string<char, std::char_traits<char>, std::allocator<char> > > > const&) (in /home/andrew/Desktop/Projects/FreeDTSBD/DTS)
==1130075==    by 0x119C19: main (in /home/andrew/Desktop/Projects/FreeDTSBD/DTS)
==1130075==  Uninitialised value was created by a stack allocation
==1130075==    at 0x1634A2: MESH::GenerateMesh(MeshBluePrint) (in /home/andrew/Desktop/Projects/FreeDTSBD/DTS)
==1130075== 
==1130075== Conditional jump or move depends on uninitialised value(s)
==1130075==    at 0x146A48: EvolveVerticesByMetropolisAlgorithm::VertexMoveIsFine(vertex*, double, double, double, double, double) (in /home/andrew/Desktop/Projects/FreeDTSBD/DTS)
==1130075==    by 0x1473B9: EvolveVerticesByMetropolisAlgorithm::EvolveOneVertex(int, vertex*, double, double, double, double) (in /home/andrew/Desktop/Projects/FreeDTSBD/DTS)
==1130075==    by 0x148663: EvolveVerticesByMetropolisAlgorithm::EvolveOneStep(int) (in /home/andrew/Desktop/Projects/FreeDTSBD/DTS)
==1130075==    by 0x160D09: MC_Simulation::do_Simulation() (in /home/andrew/Desktop/Projects/FreeDTSBD/DTS)
==1130075==    by 0x15C47A: Job::Job(std::vector<std::__cxx11::basic_string<char, std::char_traits<char>, std::allocator<char> >, std::allocator<std::__cxx11::basic_string<char, std::char_traits<char>, std::allocator<char> > > > const&) (in /home/andrew/Desktop/Projects/FreeDTSBD/DTS)
==1130075==    by 0x119C19: main (in /home/andrew/Desktop/Projects/FreeDTSBD/DTS)
==1130075==  Uninitialised value was created by a stack allocation
==1130075==    at 0x1634A2: MESH::GenerateMesh(MeshBluePrint) (in /home/andrew/Desktop/Projects/FreeDTSBD/DTS)
==1130075== 
==1130075== Conditional jump or move depends on uninitialised value(s)
==1130075==    at 0x146252: EvolveVerticesByMetropolisAlgorithm::VertexMoveIsFine(vertex*, double, double, double, double, double) (in /home/andrew/Desktop/Projects/FreeDTSBD/DTS)
==1130075==    by 0x1473B9: EvolveVerticesByMetropolisAlgorithm::EvolveOneVertex(int, vertex*, double, double, double, double) (in /home/andrew/Desktop/Projects/FreeDTSBD/DTS)
==1130075==    by 0x148663: EvolveVerticesByMetropolisAlgorithm::EvolveOneStep(int) (in /home/andrew/Desktop/Projects/FreeDTSBD/DTS)
==1130075==    by 0x160D09: MC_Simulation::do_Simulation() (in /home/andrew/Desktop/Projects/FreeDTSBD/DTS)
==1130075==    by 0x15C47A: Job::Job(std::vector<std::__cxx11::basic_string<char, std::char_traits<char>, std::allocator<char> >, std::allocator<std::__cxx11::basic_string<char, std::char_traits<char>, std::allocator<char> > > > const&) (in /home/andrew/Desktop/Projects/FreeDTSBD/DTS)
==1130075==    by 0x119C19: main (in /home/andrew/Desktop/Projects/FreeDTSBD/DTS)
==1130075==  Uninitialised value was created by a stack allocation
==1130075==    at 0x1634A2: MESH::GenerateMesh(MeshBluePrint) (in /home/andrew/Desktop/Projects/FreeDTSBD/DTS)
==1130075== 
==1130075== Conditional jump or move depends on uninitialised value(s)
==1130075==    at 0x146A28: EvolveVerticesByMetropolisAlgorithm::VertexMoveIsFine(vertex*, double, double, double, double, double) (in /home/andrew/Desktop/Projects/FreeDTSBD/DTS)
==1130075==    by 0x1473B9: EvolveVerticesByMetropolisAlgorithm::EvolveOneVertex(int, vertex*, double, double, double, double) (in /home/andrew/Desktop/Projects/FreeDTSBD/DTS)
==1130075==    by 0x148663: EvolveVerticesByMetropolisAlgorithm::EvolveOneStep(int) (in /home/andrew/Desktop/Projects/FreeDTSBD/DTS)
==1130075==    by 0x160D09: MC_Simulation::do_Simulation() (in /home/andrew/Desktop/Projects/FreeDTSBD/DTS)
==1130075==    by 0x15C47A: Job::Job(std::vector<std::__cxx11::basic_string<char, std::char_traits<char>, std::allocator<char> >, std::allocator<std::__cxx11::basic_string<char, std::char_traits<char>, std::allocator<char> > > > const&) (in /home/andrew/Desktop/Projects/FreeDTSBD/DTS)
==1130075==    by 0x119C19: main (in /home/andrew/Desktop/Projects/FreeDTSBD/DTS)
==1130075==  Uninitialised value was created by a stack allocation
==1130075==    at 0x1634A2: MESH::GenerateMesh(MeshBluePrint) (in /home/andrew/Desktop/Projects/FreeDTSBD/DTS)
==1130075== 
==1130075== Conditional jump or move depends on uninitialised value(s)
==1130075==    at 0x1ABBA8: vertex::PositionPlus(double, double, double) (in /home/andrew/Desktop/Projects/FreeDTSBD/DTS)
==1130075==    by 0x14789B: EvolveVerticesByMetropolisAlgorithm::EvolveOneVertex(int, vertex*, double, double, double, double) (in /home/andrew/Desktop/Projects/FreeDTSBD/DTS)
==1130075==    by 0x148663: EvolveVerticesByMetropolisAlgorithm::EvolveOneStep(int) (in /home/andrew/Desktop/Projects/FreeDTSBD/DTS)
==1130075==    by 0x160D09: MC_Simulation::do_Simulation() (in /home/andrew/Desktop/Projects/FreeDTSBD/DTS)
==1130075==    by 0x15C47A: Job::Job(std::vector<std::__cxx11::basic_string<char, std::char_traits<char>, std::allocator<char> >, std::allocator<std::__cxx11::basic_string<char, std::char_traits<char>, std::allocator<char> > > > const&) (in /home/andrew/Desktop/Projects/FreeDTSBD/DTS)
==1130075==    by 0x119C19: main (in /home/andrew/Desktop/Projects/FreeDTSBD/DTS)
==1130075==  Uninitialised value was created by a stack allocation
==1130075==    at 0x1634A2: MESH::GenerateMesh(MeshBluePrint) (in /home/andrew/Desktop/Projects/FreeDTSBD/DTS)
==1130075== 
==1130075== Conditional jump or move depends on uninitialised value(s)
==1130075==    at 0x1ABC68: vertex::PositionPlus(double, double, double) (in /home/andrew/Desktop/Projects/FreeDTSBD/DTS)
==1130075==    by 0x14789B: EvolveVerticesByMetropolisAlgorithm::EvolveOneVertex(int, vertex*, double, double, double, double) (in /home/andrew/Desktop/Projects/FreeDTSBD/DTS)
==1130075==    by 0x148663: EvolveVerticesByMetropolisAlgorithm::EvolveOneStep(int) (in /home/andrew/Desktop/Projects/FreeDTSBD/DTS)
==1130075==    by 0x160D09: MC_Simulation::do_Simulation() (in /home/andrew/Desktop/Projects/FreeDTSBD/DTS)
==1130075==    by 0x15C47A: Job::Job(std::vector<std::__cxx11::basic_string<char, std::char_traits<char>, std::allocator<char> >, std::allocator<std::__cxx11::basic_string<char, std::char_traits<char>, std::allocator<char> > > > const&) (in /home/andrew/Desktop/Projects/FreeDTSBD/DTS)
==1130075==    by 0x119C19: main (in /home/andrew/Desktop/Projects/FreeDTSBD/DTS)
==1130075==  Uninitialised value was created by a stack allocation
==1130075==    at 0x1634A2: MESH::GenerateMesh(MeshBluePrint) (in /home/andrew/Desktop/Projects/FreeDTSBD/DTS)
==1130075== 
==1130075== Conditional jump or move depends on uninitialised value(s)
==1130075==    at 0x1ABBD9: vertex::PositionPlus(double, double, double) (in /home/andrew/Desktop/Projects/FreeDTSBD/DTS)
==1130075==    by 0x14789B: EvolveVerticesByMetropolisAlgorithm::EvolveOneVertex(int, vertex*, double, double, double, double) (in /home/andrew/Desktop/Projects/FreeDTSBD/DTS)
==1130075==    by 0x148663: EvolveVerticesByMetropolisAlgorithm::EvolveOneStep(int) (in /home/andrew/Desktop/Projects/FreeDTSBD/DTS)
==1130075==    by 0x160D09: MC_Simulation::do_Simulation() (in /home/andrew/Desktop/Projects/FreeDTSBD/DTS)
==1130075==    by 0x15C47A: Job::Job(std::vector<std::__cxx11::basic_string<char, std::char_traits<char>, std::allocator<char> >, std::allocator<std::__cxx11::basic_string<char, std::char_traits<char>, std::allocator<char> > > > const&) (in /home/andrew/Desktop/Projects/FreeDTSBD/DTS)
==1130075==    by 0x119C19: main (in /home/andrew/Desktop/Projects/FreeDTSBD/DTS)
==1130075==  Uninitialised value was created by a stack allocation
==1130075==    at 0x1634A2: MESH::GenerateMesh(MeshBluePrint) (in /home/andrew/Desktop/Projects/FreeDTSBD/DTS)
==1130075== 
==1130075== Conditional jump or move depends on uninitialised value(s)
==1130075==    at 0x1ABC50: vertex::PositionPlus(double, double, double) (in /home/andrew/Desktop/Projects/FreeDTSBD/DTS)
==1130075==    by 0x14789B: EvolveVerticesByMetropolisAlgorithm::EvolveOneVertex(int, vertex*, double, double, double, double) (in /home/andrew/Desktop/Projects/FreeDTSBD/DTS)
==1130075==    by 0x148663: EvolveVerticesByMetropolisAlgorithm::EvolveOneStep(int) (in /home/andrew/Desktop/Projects/FreeDTSBD/DTS)
==1130075==    by 0x160D09: MC_Simulation::do_Simulation() (in /home/andrew/Desktop/Projects/FreeDTSBD/DTS)
==1130075==    by 0x15C47A: Job::Job(std::vector<std::__cxx11::basic_string<char, std::char_traits<char>, std::allocator<char> >, std::allocator<std::__cxx11::basic_string<char, std::char_traits<char>, std::allocator<char> > > > const&) (in /home/andrew/Desktop/Projects/FreeDTSBD/DTS)
==1130075==    by 0x119C19: main (in /home/andrew/Desktop/Projects/FreeDTSBD/DTS)
==1130075==  Uninitialised value was created by a stack allocation
==1130075==    at 0x1634A2: MESH::GenerateMesh(MeshBluePrint) (in /home/andrew/Desktop/Projects/FreeDTSBD/DTS)
==1130075== 
==1130075== Conditional jump or move depends on uninitialised value(s)
==1130075==    at 0x1ABC06: vertex::PositionPlus(double, double, double) (in /home/andrew/Desktop/Projects/FreeDTSBD/DTS)
==1130075==    by 0x14789B: EvolveVerticesByMetropolisAlgorithm::EvolveOneVertex(int, vertex*, double, double, double, double) (in /home/andrew/Desktop/Projects/FreeDTSBD/DTS)
==1130075==    by 0x148663: EvolveVerticesByMetropolisAlgorithm::EvolveOneStep(int) (in /home/andrew/Desktop/Projects/FreeDTSBD/DTS)
==1130075==    by 0x160D09: MC_Simulation::do_Simulation() (in /home/andrew/Desktop/Projects/FreeDTSBD/DTS)
==1130075==    by 0x15C47A: Job::Job(std::vector<std::__cxx11::basic_string<char, std::char_traits<char>, std::allocator<char> >, std::allocator<std::__cxx11::basic_string<char, std::char_traits<char>, std::allocator<char> > > > const&) (in /home/andrew/Desktop/Projects/FreeDTSBD/DTS)
==1130075==    by 0x119C19: main (in /home/andrew/Desktop/Projects/FreeDTSBD/DTS)
==1130075==  Uninitialised value was created by a stack allocation
==1130075==    at 0x1634A2: MESH::GenerateMesh(MeshBluePrint) (in /home/andrew/Desktop/Projects/FreeDTSBD/DTS)
==1130075== 
==1130075== Conditional jump or move depends on uninitialised value(s)
==1130075==    at 0x1ABC38: vertex::PositionPlus(double, double, double) (in /home/andrew/Desktop/Projects/FreeDTSBD/DTS)
==1130075==    by 0x14789B: EvolveVerticesByMetropolisAlgorithm::EvolveOneVertex(int, vertex*, double, double, double, double) (in /home/andrew/Desktop/Projects/FreeDTSBD/DTS)
==1130075==    by 0x148663: EvolveVerticesByMetropolisAlgorithm::EvolveOneStep(int) (in /home/andrew/Desktop/Projects/FreeDTSBD/DTS)
==1130075==    by 0x160D09: MC_Simulation::do_Simulation() (in /home/andrew/Desktop/Projects/FreeDTSBD/DTS)
==1130075==    by 0x15C47A: Job::Job(std::vector<std::__cxx11::basic_string<char, std::char_traits<char>, std::allocator<char> >, std::allocator<std::__cxx11::basic_string<char, std::char_traits<char>, std::allocator<char> > > > const&) (in /home/andrew/Desktop/Projects/FreeDTSBD/DTS)
==1130075==    by 0x119C19: main (in /home/andrew/Desktop/Projects/FreeDTSBD/DTS)
==1130075==  Uninitialised value was created by a stack allocation
==1130075==    at 0x1634A2: MESH::GenerateMesh(MeshBluePrint) (in /home/andrew/Desktop/Projects/FreeDTSBD/DTS)
==1130075== 
==1130075== Conditional jump or move depends on uninitialised value(s)
==1130075==    at 0x121F97: bond::CalculateEnergy() const (in /home/andrew/Desktop/Projects/FreeDTSBD/DTS)
==1130075==    by 0x1AB521: VertexHarmonicBounds::GetBondEnergyOfVertex() (in /home/andrew/Desktop/Projects/FreeDTSBD/DTS)
==1130075==    by 0x147D99: EvolveVerticesByMetropolisAlgorithm::EvolveOneVertex(int, vertex*, double, double, double, double) (in /home/andrew/Desktop/Projects/FreeDTSBD/DTS)
==1130075==    by 0x148663: EvolveVerticesByMetropolisAlgorithm::EvolveOneStep(int) (in /home/andrew/Desktop/Projects/FreeDTSBD/DTS)
==1130075==    by 0x160D09: MC_Simulation::do_Simulation() (in /home/andrew/Desktop/Projects/FreeDTSBD/DTS)
==1130075==    by 0x15C47A: Job::Job(std::vector<std::__cxx11::basic_string<char, std::char_traits<char>, std::allocator<char> >, std::allocator<std::__cxx11::basic_string<char, std::char_traits<char>, std::allocator<char> > > > const&) (in /home/andrew/Desktop/Projects/FreeDTSBD/DTS)
==1130075==    by 0x119C19: main (in /home/andrew/Desktop/Projects/FreeDTSBD/DTS)
==1130075==  Uninitialised value was created by a stack allocation
==1130075==    at 0x1634A2: MESH::GenerateMesh(MeshBluePrint) (in /home/andrew/Desktop/Projects/FreeDTSBD/DTS)
==1130075== 
==1130075== Conditional jump or move depends on uninitialised value(s)
==1130075==    at 0x121FDB: bond::CalculateEnergy() const (in /home/andrew/Desktop/Projects/FreeDTSBD/DTS)
==1130075==    by 0x1AB521: VertexHarmonicBounds::GetBondEnergyOfVertex() (in /home/andrew/Desktop/Projects/FreeDTSBD/DTS)
==1130075==    by 0x147D99: EvolveVerticesByMetropolisAlgorithm::EvolveOneVertex(int, vertex*, double, double, double, double) (in /home/andrew/Desktop/Projects/FreeDTSBD/DTS)
==1130075==    by 0x148663: EvolveVerticesByMetropolisAlgorithm::EvolveOneStep(int) (in /home/andrew/Desktop/Projects/FreeDTSBD/DTS)
==1130075==    by 0x160D09: MC_Simulation::do_Simulation() (in /home/andrew/Desktop/Projects/FreeDTSBD/DTS)
==1130075==    by 0x15C47A: Job::Job(std::vector<std::__cxx11::basic_string<char, std::char_traits<char>, std::allocator<char> >, std::allocator<std::__cxx11::basic_string<char, std::char_traits<char>, std::allocator<char> > > > const&) (in /home/andrew/Desktop/Projects/FreeDTSBD/DTS)
==1130075==    by 0x119C19: main (in /home/andrew/Desktop/Projects/FreeDTSBD/DTS)
==1130075==  Uninitialised value was created by a stack allocation
==1130075==    at 0x1634A2: MESH::GenerateMesh(MeshBluePrint) (in /home/andrew/Desktop/Projects/FreeDTSBD/DTS)
==1130075== 
==1130075== Conditional jump or move depends on uninitialised value(s)
==1130075==    at 0x122017: bond::CalculateEnergy() const (in /home/andrew/Desktop/Projects/FreeDTSBD/DTS)
==1130075==    by 0x1AB521: VertexHarmonicBounds::GetBondEnergyOfVertex() (in /home/andrew/Desktop/Projects/FreeDTSBD/DTS)
==1130075==    by 0x147D99: EvolveVerticesByMetropolisAlgorithm::EvolveOneVertex(int, vertex*, double, double, double, double) (in /home/andrew/Desktop/Projects/FreeDTSBD/DTS)
==1130075==    by 0x148663: EvolveVerticesByMetropolisAlgorithm::EvolveOneStep(int) (in /home/andrew/Desktop/Projects/FreeDTSBD/DTS)
==1130075==    by 0x160D09: MC_Simulation::do_Simulation() (in /home/andrew/Desktop/Projects/FreeDTSBD/DTS)
==1130075==    by 0x15C47A: Job::Job(std::vector<std::__cxx11::basic_string<char, std::char_traits<char>, std::allocator<char> >, std::allocator<std::__cxx11::basic_string<char, std::char_traits<char>, std::allocator<char> > > > const&) (in /home/andrew/Desktop/Projects/FreeDTSBD/DTS)
==1130075==    by 0x119C19: main (in /home/andrew/Desktop/Projects/FreeDTSBD/DTS)
==1130075==  Uninitialised value was created by a stack allocation
==1130075==    at 0x1634A2: MESH::GenerateMesh(MeshBluePrint) (in /home/andrew/Desktop/Projects/FreeDTSBD/DTS)
==1130075== 
==1130075== 
==1130075== HEAP SUMMARY:
==1130075==     in use at exit: 2,378,103,776 bytes in 8,045,384 blocks
==1130075==   total heap usage: 8,548,686 allocs, 503,302 frees, 2,409,202,277 bytes allocated
==1130075== 
==1130075== For a detailed leak analysis, rerun with: --leak-check=full
==1130075== 
==1130075== For lists of detected and suppressed errors, rerun with: -s
==1130075== ERROR SUMMARY: 103525 errors from 63 contexts (suppressed: 0 from 0)
